d:\git\chess\chess\generatedfiles\debug\moc_chess.cpp
d:\git\chess\chess\generatedfiles\qrc_chess.cpp
d:\git\chess\chess\generatedfiles\ui_chess.h
d:\git\chess\chess\generatedfiles\debug\moc_board.cpp
d:\git\chess\chess\x64\debug\chess.obj
d:\git\chess\chess\x64\debug\moc_chess.obj
d:\git\chess\chess\x64\debug\board.obj
d:\git\chess\chess\x64\debug\moc_board.obj
d:\git\chess\chess\x64\debug\main.obj
d:\git\chess\chess\x64\debug\qrc_chess.obj
d:\git\chess\chess\x64\debug\vc141.pdb
d:\git\chess\chess\x64\debug\stone.obj
d:\git\chess\x64\debug\chess.exe
d:\git\chess\x64\debug\chess.ilk
d:\git\chess\x64\debug\chess.pdb
d:\git\chess\chess\x64\debug\chess.tlog\chess.write.1u.tlog
d:\git\chess\chess\x64\debug\chess.tlog\cl.command.1.tlog
d:\git\chess\chess\x64\debug\chess.tlog\cl.read.1.tlog
d:\git\chess\chess\x64\debug\chess.tlog\cl.write.1.tlog
d:\git\chess\chess\x64\debug\chess.tlog\link.command.1.tlog
d:\git\chess\chess\x64\debug\chess.tlog\link.read.1.tlog
d:\git\chess\chess\x64\debug\chess.tlog\link.write.1.tlog
